called with ./tests/in/car_cdr_string_symbol.scm ./tests/out/car_cdr_string_symbol.scm ./tests/log/car_cdr_string_symbol.scm
called with ./tests/in/is_boolean.scm ./tests/out/is_boolean.scm ./tests/log/is_boolean.scm
called with ./tests/in/string_set.scm ./tests/out/string_set.scm ./tests/log/string_set.scm
called with ./tests/in/vec-str-ref.scm ./tests/out/vec-str-ref.scm ./tests/log/vec-str-ref.scm
called with ./tests/in/make-vector.scm ./tests/out/make-vector.scm ./tests/log/make-vector.scm
called with ./tests/in/vector-length.scm ./tests/out/vector-length.scm ./tests/log/vector-length.scm
called with ./tests/in/char-integer.scm ./tests/out/char-integer.scm ./tests/log/char-integer.scm
called with ./tests/in/is_char.scm ./tests/out/is_char.scm ./tests/log/is_char.scm
called with ./tests/in/set_car_cdr.scm ./tests/out/set_car_cdr.scm ./tests/log/set_car_cdr.scm
called with ./tests/in/cons.scm ./tests/out/cons.scm ./tests/log/cons.scm
called with ./tests/in/eq.scm ./tests/out/eq.scm ./tests/log/eq.scm
called with ./tests/in/is_string.scm ./tests/out/is_string.scm ./tests/log/is_string.scm
called with ./tests/in/variadic.scm ./tests/out/variadic.scm ./tests/log/variadic.scm
called with ./tests/in/string-length.scm ./tests/out/string-length.scm ./tests/log/string-length.scm
called with ./tests/in/is_pair.scm ./tests/out/is_pair.scm ./tests/log/is_pair.scm
called with ./tests/in/is_symbol.scm ./tests/out/is_symbol.scm ./tests/log/is_symbol.scm
called with ./tests/in/torture-test-for-compiler-00.scm ./tests/out/torture-test-for-compiler-00.scm ./tests/log/torture-test-for-compiler-00.scm
called with ./tests/in/is_procedure.scm ./tests/out/is_procedure.scm ./tests/log/is_procedure.scm
called with ./tests/in/is_number.scm ./tests/out/is_number.scm ./tests/log/is_number.scm
called with ./tests/in/arit.scm ./tests/out/arit.scm ./tests/log/arit.scm
called with ./tests/in/equal.scm ./tests/out/equal.scm ./tests/log/equal.scm
called with ./tests/in/is_vector.scm ./tests/out/is_vector.scm ./tests/log/is_vector.scm
called with ./tests/in/make-string.scm ./tests/out/make-string.scm ./tests/log/make-string.scm
